<?xml version="1.0" encoding="UTF-8"?>
<coverage generated="1764261080502" clover="3.2.0">
  <project timestamp="1764261080502" name="All files">
    <metrics statements="42" coveredstatements="36" conditionals="12" coveredconditionals="9" methods="11" coveredmethods="10" elements="65" coveredelements="55" complexity="0" loc="42" ncloc="42" packages="2" files="2" classes="2"/>
    <package name="frontend-project-46">
      <metrics statements="23" coveredstatements="18" conditionals="8" coveredconditionals="7" methods="4" coveredmethods="3"/>
      <file name="gendiff.js" path="/mnt/d/hexletWin-git/frontend-project-46/gendiff.js">
        <metrics statements="23" coveredstatements="18" conditionals="8" coveredconditionals="7" methods="4" coveredmethods="3"/>
        <line num="8" count="1" type="stmt"/>
        <line num="9" count="4" type="stmt"/>
        <line num="11" count="4" type="stmt"/>
        <line num="12" count="20" type="stmt"/>
        <line num="13" count="20" type="stmt"/>
        <line num="15" count="20" type="cond" truecount="2" falsecount="0"/>
        <line num="16" count="8" type="stmt"/>
        <line num="18" count="12" type="cond" truecount="2" falsecount="0"/>
        <line num="19" count="4" type="stmt"/>
        <line num="21" count="8" type="cond" truecount="2" falsecount="0"/>
        <line num="22" count="4" type="stmt"/>
        <line num="24" count="4" type="stmt"/>
        <line num="27" count="4" type="stmt"/>
        <line num="31" count="1" type="stmt"/>
        <line num="32" count="4" type="stmt"/>
        <line num="33" count="4" type="stmt"/>
        <line num="34" count="4" type="stmt"/>
        <line num="38" count="1" type="cond" truecount="1" falsecount="1"/>
        <line num="39" count="0" type="stmt"/>
        <line num="41" count="0" type="stmt"/>
        <line num="48" count="0" type="stmt"/>
        <line num="49" count="0" type="stmt"/>
        <line num="52" count="0" type="stmt"/>
      </file>
    </package>
    <package name="frontend-project-46.src">
      <metrics statements="19" coveredstatements="18" conditionals="4" coveredconditionals="2" methods="7" coveredmethods="7"/>
      <file name="parsers.js" path="/mnt/d/hexletWin-git/frontend-project-46/src/parsers.js">
        <metrics statements="19" coveredstatements="18" conditionals="4" coveredconditionals="2" methods="7" coveredmethods="7"/>
        <line num="5" count="8" type="stmt"/>
        <line num="7" count="1" type="stmt"/>
        <line num="8" count="8" type="stmt"/>
        <line num="9" count="8" type="stmt"/>
        <line num="12" count="4" type="stmt"/>
        <line num="14" count="4" type="stmt"/>
        <line num="16" count="1" type="stmt"/>
        <line num="17" count="8" type="stmt"/>
        <line num="23" count="8" type="stmt"/>
        <line num="24" count="8" type="cond" truecount="1" falsecount="1"/>
        <line num="25" count="0" type="stmt"/>
        <line num="28" count="8" type="stmt"/>
        <line num="31" count="1" type="stmt"/>
        <line num="32" count="8" type="stmt"/>
        <line num="33" count="8" type="cond" truecount="1" falsecount="1"/>
        <line num="36" count="1" type="stmt"/>
        <line num="37" count="8" type="stmt"/>
        <line num="38" count="8" type="stmt"/>
        <line num="39" count="8" type="stmt"/>
      </file>
    </package>
  </project>
</coverage>
