<?xml version="1.0" encoding="UTF-8"?>
<coverage generated="1764002058752" clover="3.2.0">
  <project timestamp="1764002058752" name="All files">
    <metrics statements="37" coveredstatements="31" conditionals="10" coveredconditionals="8" methods="9" coveredmethods="8" elements="56" coveredelements="47" complexity="0" loc="37" ncloc="37" packages="2" files="2" classes="2"/>
    <package name="frontend-project-46">
      <metrics statements="24" coveredstatements="19" conditionals="8" coveredconditionals="7" methods="4" coveredmethods="3"/>
      <file name="gendiff.js" path="/mnt/d/hexletWin-git/frontend-project-46/gendiff.js">
        <metrics statements="24" coveredstatements="19" conditionals="8" coveredconditionals="7" methods="4" coveredmethods="3"/>
        <line num="8" count="1" type="stmt"/>
        <line num="9" count="1" type="stmt"/>
        <line num="11" count="1" type="stmt"/>
        <line num="12" count="5" type="stmt"/>
        <line num="13" count="5" type="stmt"/>
        <line num="15" count="5" type="cond" truecount="2" falsecount="0"/>
        <line num="16" count="2" type="stmt"/>
        <line num="18" count="3" type="cond" truecount="2" falsecount="0"/>
        <line num="19" count="1" type="stmt"/>
        <line num="21" count="2" type="cond" truecount="2" falsecount="0"/>
        <line num="22" count="1" type="stmt"/>
        <line num="24" count="1" type="stmt"/>
        <line num="27" count="1" type="stmt"/>
        <line num="31" count="1" type="stmt"/>
        <line num="32" count="1" type="stmt"/>
        <line num="33" count="1" type="stmt"/>
        <line num="34" count="1" type="stmt"/>
        <line num="38" count="1" type="stmt"/>
        <line num="40" count="1" type="cond" truecount="1" falsecount="1"/>
        <line num="41" count="0" type="stmt"/>
        <line num="43" count="0" type="stmt"/>
        <line num="50" count="0" type="stmt"/>
        <line num="51" count="0" type="stmt"/>
        <line num="54" count="0" type="stmt"/>
      </file>
    </package>
    <package name="frontend-project-46.src">
      <metrics statements="13" coveredstatements="12" conditionals="2" coveredconditionals="1" methods="5" coveredmethods="5"/>
      <file name="parsers.js" path="/mnt/d/hexletWin-git/frontend-project-46/src/parsers.js">
        <metrics statements="13" coveredstatements="12" conditionals="2" coveredconditionals="1" methods="5" coveredmethods="5"/>
        <line num="4" count="2" type="stmt"/>
        <line num="6" count="1" type="stmt"/>
        <line num="7" count="2" type="stmt"/>
        <line num="8" count="2" type="stmt"/>
        <line num="11" count="1" type="stmt"/>
        <line num="12" count="2" type="cond" truecount="1" falsecount="1"/>
        <line num="14" count="2" type="stmt"/>
        <line num="16" count="0" type="stmt"/>
        <line num="20" count="2" type="stmt"/>
        <line num="22" count="1" type="stmt"/>
        <line num="23" count="2" type="stmt"/>
        <line num="24" count="2" type="stmt"/>
        <line num="25" count="2" type="stmt"/>
      </file>
    </package>
  </project>
</coverage>
