{"/mnt/d/hexletWin-git/frontend-project-46/gendiff.js": {"path":"/mnt/d/hexletWin-git/frontend-project-46/gendiff.js","statementMap":{"0":{"start":{"line":9,"column":16},"end":{"line":14,"column":1}},"1":{"start":{"line":10,"column":16},"end":{"line":10,"column":42}},"2":{"start":{"line":11,"column":16},"end":{"line":11,"column":42}},"3":{"start":{"line":12,"column":15},"end":{"line":12,"column":38}},"4":{"start":{"line":13,"column":2},"end":{"line":13,"column":33}},"5":{"start":{"line":17,"column":25},"end":{"line":17,"column":71}},"6":{"start":{"line":17,"column":50},"end":{"line":17,"column":70}},"7":{"start":{"line":19,"column":0},"end":{"line":36,"column":1}},"8":{"start":{"line":20,"column":18},"end":{"line":20,"column":31}},"9":{"start":{"line":22,"column":2},"end":{"line":32,"column":6}},"10":{"start":{"line":30,"column":21},"end":{"line":30,"column":66}},"11":{"start":{"line":31,"column":6},"end":{"line":31,"column":25}},"12":{"start":{"line":34,"column":2},"end":{"line":34,"column":34}},"13":{"start":{"line":35,"column":2},"end":{"line":35,"column":17}}},"fnMap":{"0":{"name":"(anonymous_0)","decl":{"start":{"line":9,"column":16},"end":{"line":9,"column":17}},"loc":{"start":{"line":9,"column":66},"end":{"line":14,"column":1}},"line":9},"1":{"name":"(anonymous_1)","decl":{"start":{"line":17,"column":43},"end":{"line":17,"column":44}},"loc":{"start":{"line":17,"column":50},"end":{"line":17,"column":70}},"line":17},"2":{"name":"(anonymous_2)","decl":{"start":{"line":29,"column":12},"end":{"line":29,"column":13}},"loc":{"start":{"line":29,"column":47},"end":{"line":32,"column":5}},"line":29}},"branchMap":{"0":{"loc":{"start":{"line":9,"column":39},"end":{"line":9,"column":61}},"type":"default-arg","locations":[{"start":{"line":9,"column":52},"end":{"line":9,"column":61}}],"line":9},"1":{"loc":{"start":{"line":19,"column":0},"end":{"line":36,"column":1}},"type":"if","locations":[{"start":{"line":19,"column":0},"end":{"line":36,"column":1}},{"start":{},"end":{}}],"line":19}},"s":{"0":1,"1":17,"2":17,"3":17,"4":17,"5":1,"6":2,"7":1,"8":0,"9":0,"10":0,"11":0,"12":0,"13":0},"f":{"0":17,"1":2,"2":0},"b":{"0":[8],"1":[0,1]},"inputSourceMap":null,"_coverageSchema":"1a1c01bbd47fc00a2c39e90264f33305004495a9","hash":"bc58d35ea821c859c8c85cb417a2f8ce8634cc8a"}
,"/mnt/d/hexletWin-git/frontend-project-46/src/diffBuilder.js": {"path":"/mnt/d/hexletWin-git/frontend-project-46/src/diffBuilder.js","statementMap":{"0":{"start":{"line":3,"column":18},"end":{"line":37,"column":1}},"1":{"start":{"line":4,"column":15},"end":{"line":4,"column":70}},"2":{"start":{"line":6,"column":2},"end":{"line":36,"column":4}},"3":{"start":{"line":7,"column":19},"end":{"line":7,"column":28}},"4":{"start":{"line":8,"column":19},"end":{"line":8,"column":28}},"5":{"start":{"line":10,"column":4},"end":{"line":12,"column":5}},"6":{"start":{"line":11,"column":6},"end":{"line":11,"column":52}},"7":{"start":{"line":14,"column":4},"end":{"line":16,"column":5}},"8":{"start":{"line":15,"column":6},"end":{"line":15,"column":50}},"9":{"start":{"line":18,"column":4},"end":{"line":24,"column":5}},"10":{"start":{"line":19,"column":6},"end":{"line":23,"column":7}},"11":{"start":{"line":26,"column":4},"end":{"line":33,"column":5}},"12":{"start":{"line":27,"column":6},"end":{"line":32,"column":7}},"13":{"start":{"line":35,"column":4},"end":{"line":35,"column":52}}},"fnMap":{"0":{"name":"(anonymous_0)","decl":{"start":{"line":3,"column":18},"end":{"line":3,"column":19}},"loc":{"start":{"line":3,"column":34},"end":{"line":37,"column":1}},"line":3},"1":{"name":"(anonymous_1)","decl":{"start":{"line":6,"column":18},"end":{"line":6,"column":19}},"loc":{"start":{"line":6,"column":27},"end":{"line":36,"column":3}},"line":6}},"branchMap":{"0":{"loc":{"start":{"line":10,"column":4},"end":{"line":12,"column":5}},"type":"if","locations":[{"start":{"line":10,"column":4},"end":{"line":12,"column":5}},{"start":{},"end":{}}],"line":10},"1":{"loc":{"start":{"line":14,"column":4},"end":{"line":16,"column":5}},"type":"if","locations":[{"start":{"line":14,"column":4},"end":{"line":16,"column":5}},{"start":{},"end":{}}],"line":14},"2":{"loc":{"start":{"line":18,"column":4},"end":{"line":24,"column":5}},"type":"if","locations":[{"start":{"line":18,"column":4},"end":{"line":24,"column":5}},{"start":{},"end":{}}],"line":18},"3":{"loc":{"start":{"line":18,"column":8},"end":{"line":18,"column":58}},"type":"binary-expr","locations":[{"start":{"line":18,"column":8},"end":{"line":18,"column":31}},{"start":{"line":18,"column":35},"end":{"line":18,"column":58}}],"line":18},"4":{"loc":{"start":{"line":26,"column":4},"end":{"line":33,"column":5}},"type":"if","locations":[{"start":{"line":26,"column":4},"end":{"line":33,"column":5}},{"start":{},"end":{}}],"line":26}},"s":{"0":1,"1":57,"2":57,"3":215,"4":215,"5":215,"6":34,"7":181,"8":57,"9":124,"10":40,"11":84,"12":47,"13":37},"f":{"0":57,"1":215},"b":{"0":[34,181],"1":[57,124],"2":[40,84],"3":[124,50],"4":[47,37]},"inputSourceMap":null,"_coverageSchema":"1a1c01bbd47fc00a2c39e90264f33305004495a9","hash":"9523467b37165fead74708116d19dc59a63efa97"}
,"/mnt/d/hexletWin-git/frontend-project-46/src/parsers.js": {"path":"/mnt/d/hexletWin-git/frontend-project-46/src/parsers.js","statementMap":{"0":{"start":{"line":5,"column":24},"end":{"line":5,"column":73}},"1":{"start":{"line":5,"column":36},"end":{"line":5,"column":73}},"2":{"start":{"line":7,"column":17},"end":{"line":10,"column":1}},"3":{"start":{"line":8,"column":23},"end":{"line":8,"column":48}},"4":{"start":{"line":9,"column":2},"end":{"line":9,"column":47}},"5":{"start":{"line":12,"column":18},"end":{"line":12,"column":42}},"6":{"start":{"line":12,"column":26},"end":{"line":12,"column":42}},"7":{"start":{"line":14,"column":18},"end":{"line":14,"column":41}},"8":{"start":{"line":14,"column":26},"end":{"line":14,"column":41}},"9":{"start":{"line":16,"column":18},"end":{"line":29,"column":1}},"10":{"start":{"line":17,"column":18},"end":{"line":21,"column":3}},"11":{"start":{"line":23,"column":17},"end":{"line":23,"column":32}},"12":{"start":{"line":24,"column":2},"end":{"line":26,"column":3}},"13":{"start":{"line":25,"column":4},"end":{"line":25,"column":52}},"14":{"start":{"line":28,"column":2},"end":{"line":28,"column":21}},"15":{"start":{"line":31,"column":18},"end":{"line":34,"column":1}},"16":{"start":{"line":32,"column":14},"end":{"line":32,"column":45}},"17":{"start":{"line":33,"column":2},"end":{"line":33,"column":37}},"18":{"start":{"line":36,"column":24},"end":{"line":40,"column":1}},"19":{"start":{"line":37,"column":15},"end":{"line":37,"column":33}},"20":{"start":{"line":38,"column":17},"end":{"line":38,"column":36}},"21":{"start":{"line":39,"column":2},"end":{"line":39,"column":32}}},"fnMap":{"0":{"name":"(anonymous_0)","decl":{"start":{"line":5,"column":24},"end":{"line":5,"column":25}},"loc":{"start":{"line":5,"column":36},"end":{"line":5,"column":73}},"line":5},"1":{"name":"(anonymous_1)","decl":{"start":{"line":7,"column":17},"end":{"line":7,"column":18}},"loc":{"start":{"line":7,"column":31},"end":{"line":10,"column":1}},"line":7},"2":{"name":"(anonymous_2)","decl":{"start":{"line":12,"column":18},"end":{"line":12,"column":19}},"loc":{"start":{"line":12,"column":26},"end":{"line":12,"column":42}},"line":12},"3":{"name":"(anonymous_3)","decl":{"start":{"line":14,"column":18},"end":{"line":14,"column":19}},"loc":{"start":{"line":14,"column":26},"end":{"line":14,"column":41}},"line":14},"4":{"name":"(anonymous_4)","decl":{"start":{"line":16,"column":18},"end":{"line":16,"column":19}},"loc":{"start":{"line":16,"column":36},"end":{"line":29,"column":1}},"line":16},"5":{"name":"(anonymous_5)","decl":{"start":{"line":31,"column":18},"end":{"line":31,"column":19}},"loc":{"start":{"line":31,"column":32},"end":{"line":34,"column":1}},"line":31},"6":{"name":"(anonymous_6)","decl":{"start":{"line":36,"column":24},"end":{"line":36,"column":25}},"loc":{"start":{"line":36,"column":38},"end":{"line":40,"column":1}},"line":36}},"branchMap":{"0":{"loc":{"start":{"line":24,"column":2},"end":{"line":26,"column":3}},"type":"if","locations":[{"start":{"line":24,"column":2},"end":{"line":26,"column":3}},{"start":{},"end":{}}],"line":24},"1":{"loc":{"start":{"line":33,"column":9},"end":{"line":33,"column":37}},"type":"cond-expr","locations":[{"start":{"line":33,"column":26},"end":{"line":33,"column":31}},{"start":{"line":33,"column":34},"end":{"line":33,"column":37}}],"line":33}},"s":{"0":1,"1":34,"2":1,"3":34,"4":34,"5":1,"6":20,"7":1,"8":14,"9":1,"10":34,"11":34,"12":34,"13":0,"14":34,"15":1,"16":34,"17":34,"18":1,"19":34,"20":34,"21":34},"f":{"0":34,"1":34,"2":20,"3":14,"4":34,"5":34,"6":34},"b":{"0":[0,34],"1":[0,34]},"inputSourceMap":null,"_coverageSchema":"1a1c01bbd47fc00a2c39e90264f33305004495a9","hash":"8a9f3b82cff5442f1d3f54d8225f4ad4752eef0b"}
,"/mnt/d/hexletWin-git/frontend-project-46/src/formatters/index.js": {"path":"/mnt/d/hexletWin-git/frontend-project-46/src/formatters/index.js","statementMap":{"0":{"start":{"line":5,"column":19},"end":{"line":9,"column":1}},"1":{"start":{"line":12,"column":20},"end":{"line":12,"column":42}},"2":{"start":{"line":13,"column":2},"end":{"line":15,"column":3}},"3":{"start":{"line":14,"column":4},"end":{"line":14,"column":52}},"4":{"start":{"line":16,"column":2},"end":{"line":16,"column":24}}},"fnMap":{"0":{"name":"(anonymous_0)","decl":{"start":{"line":11,"column":15},"end":{"line":11,"column":16}},"loc":{"start":{"line":11,"column":49},"end":{"line":17,"column":1}},"line":11}},"branchMap":{"0":{"loc":{"start":{"line":11,"column":22},"end":{"line":11,"column":44}},"type":"default-arg","locations":[{"start":{"line":11,"column":35},"end":{"line":11,"column":44}}],"line":11},"1":{"loc":{"start":{"line":13,"column":2},"end":{"line":15,"column":3}},"type":"if","locations":[{"start":{"line":13,"column":2},"end":{"line":15,"column":3}},{"start":{},"end":{}}],"line":13}},"s":{"0":1,"1":17,"2":17,"3":0,"4":17},"f":{"0":17},"b":{"0":[0],"1":[0,17]},"inputSourceMap":null,"_coverageSchema":"1a1c01bbd47fc00a2c39e90264f33305004495a9","hash":"d9510595b5bbdb759fcf37eecc17f9b3bd555754"}
,"/mnt/d/hexletWin-git/frontend-project-46/src/formatters/json.js": {"path":"/mnt/d/hexletWin-git/frontend-project-46/src/formatters/json.js","statementMap":{"0":{"start":{"line":1,"column":19},"end":{"line":3,"column":1}},"1":{"start":{"line":2,"column":2},"end":{"line":2,"column":38}}},"fnMap":{"0":{"name":"(anonymous_0)","decl":{"start":{"line":1,"column":19},"end":{"line":1,"column":20}},"loc":{"start":{"line":1,"column":29},"end":{"line":3,"column":1}},"line":1}},"branchMap":{},"s":{"0":1,"1":6},"f":{"0":6},"b":{},"inputSourceMap":null,"_coverageSchema":"1a1c01bbd47fc00a2c39e90264f33305004495a9","hash":"e31bd55156613d191051c5027b115b85b9e82787"}
,"/mnt/d/hexletWin-git/frontend-project-46/src/formatters/plain.js": {"path":"/mnt/d/hexletWin-git/frontend-project-46/src/formatters/plain.js","statementMap":{"0":{"start":{"line":3,"column":18},"end":{"line":11,"column":1}},"1":{"start":{"line":4,"column":2},"end":{"line":6,"column":3}},"2":{"start":{"line":5,"column":4},"end":{"line":5,"column":28}},"3":{"start":{"line":7,"column":2},"end":{"line":9,"column":3}},"4":{"start":{"line":8,"column":4},"end":{"line":8,"column":23}},"5":{"start":{"line":10,"column":2},"end":{"line":10,"column":22}},"6":{"start":{"line":13,"column":18},"end":{"line":15,"column":1}},"7":{"start":{"line":14,"column":2},"end":{"line":14,"column":52}},"8":{"start":{"line":17,"column":20},"end":{"line":43,"column":1}},"9":{"start":{"line":18,"column":16},"end":{"line":40,"column":4}},"10":{"start":{"line":19,"column":24},"end":{"line":19,"column":49}},"11":{"start":{"line":21,"column":4},"end":{"line":39,"column":5}},"12":{"start":{"line":23,"column":8},"end":{"line":23,"column":89}},"13":{"start":{"line":26,"column":8},"end":{"line":26,"column":54}},"14":{"start":{"line":29,"column":8},"end":{"line":29,"column":119}},"15":{"start":{"line":32,"column":8},"end":{"line":32,"column":54}},"16":{"start":{"line":35,"column":8},"end":{"line":35,"column":17}},"17":{"start":{"line":38,"column":8},"end":{"line":38,"column":17}},"18":{"start":{"line":42,"column":2},"end":{"line":42,"column":53}},"19":{"start":{"line":42,"column":30},"end":{"line":42,"column":41}}},"fnMap":{"0":{"name":"(anonymous_0)","decl":{"start":{"line":3,"column":18},"end":{"line":3,"column":19}},"loc":{"start":{"line":3,"column":29},"end":{"line":11,"column":1}},"line":3},"1":{"name":"(anonymous_1)","decl":{"start":{"line":13,"column":18},"end":{"line":13,"column":19}},"loc":{"start":{"line":13,"column":40},"end":{"line":15,"column":1}},"line":13},"2":{"name":"(anonymous_2)","decl":{"start":{"line":17,"column":20},"end":{"line":17,"column":21}},"loc":{"start":{"line":17,"column":41},"end":{"line":43,"column":1}},"line":17},"3":{"name":"(anonymous_3)","decl":{"start":{"line":18,"column":29},"end":{"line":18,"column":30}},"loc":{"start":{"line":18,"column":39},"end":{"line":40,"column":3}},"line":18},"4":{"name":"(anonymous_4)","decl":{"start":{"line":42,"column":22},"end":{"line":42,"column":23}},"loc":{"start":{"line":42,"column":30},"end":{"line":42,"column":41}},"line":42}},"branchMap":{"0":{"loc":{"start":{"line":4,"column":2},"end":{"line":6,"column":3}},"type":"if","locations":[{"start":{"line":4,"column":2},"end":{"line":6,"column":3}},{"start":{},"end":{}}],"line":4},"1":{"loc":{"start":{"line":7,"column":2},"end":{"line":9,"column":3}},"type":"if","locations":[{"start":{"line":7,"column":2},"end":{"line":9,"column":3}},{"start":{},"end":{}}],"line":7},"2":{"loc":{"start":{"line":14,"column":9},"end":{"line":14,"column":52}},"type":"cond-expr","locations":[{"start":{"line":14,"column":23},"end":{"line":14,"column":46}},{"start":{"line":14,"column":49},"end":{"line":14,"column":52}}],"line":14},"3":{"loc":{"start":{"line":17,"column":27},"end":{"line":17,"column":36}},"type":"default-arg","locations":[{"start":{"line":17,"column":34},"end":{"line":17,"column":36}}],"line":17},"4":{"loc":{"start":{"line":21,"column":4},"end":{"line":39,"column":5}},"type":"switch","locations":[{"start":{"line":22,"column":6},"end":{"line":23,"column":89}},{"start":{"line":25,"column":6},"end":{"line":26,"column":54}},{"start":{"line":28,"column":6},"end":{"line":29,"column":119}},{"start":{"line":31,"column":6},"end":{"line":32,"column":54}},{"start":{"line":34,"column":6},"end":{"line":35,"column":17}},{"start":{"line":37,"column":6},"end":{"line":38,"column":17}}],"line":21}},"s":{"0":1,"1":29,"2":6,"3":23,"4":14,"5":9,"6":1,"7":41,"8":1,"9":11,"10":41,"11":41,"12":11,"13":6,"14":9,"15":8,"16":7,"17":0,"18":11,"19":34},"f":{"0":29,"1":41,"2":11,"3":41,"4":34},"b":{"0":[6,23],"1":[14,9],"2":[28,13],"3":[3],"4":[11,6,9,8,7,0]},"inputSourceMap":null,"_coverageSchema":"1a1c01bbd47fc00a2c39e90264f33305004495a9","hash":"4a113ff6ef6e522675390cf8d1486477ed9e46e4"}
,"/mnt/d/hexletWin-git/frontend-project-46/src/formatters/stylish.js": {"path":"/mnt/d/hexletWin-git/frontend-project-46/src/formatters/stylish.js","statementMap":{"0":{"start":{"line":3,"column":16},"end":{"line":52,"column":1}},"1":{"start":{"line":4,"column":17},"end":{"line":37,"column":3}},"2":{"start":{"line":5,"column":23},"end":{"line":5,"column":24}},"3":{"start":{"line":6,"column":26},"end":{"line":6,"column":60}},"4":{"start":{"line":8,"column":18},"end":{"line":34,"column":6}},"5":{"start":{"line":9,"column":23},"end":{"line":15,"column":7}},"6":{"start":{"line":10,"column":31},"end":{"line":12,"column":17}},"7":{"start":{"line":14,"column":8},"end":{"line":14,"column":71}},"8":{"start":{"line":17,"column":6},"end":{"line":33,"column":7}},"9":{"start":{"line":19,"column":10},"end":{"line":19,"column":42}},"10":{"start":{"line":21,"column":10},"end":{"line":21,"column":42}},"11":{"start":{"line":23,"column":10},"end":{"line":26,"column":11}},"12":{"start":{"line":28,"column":10},"end":{"line":28,"column":109}},"13":{"start":{"line":30,"column":10},"end":{"line":30,"column":42}},"14":{"start":{"line":32,"column":10},"end":{"line":32,"column":19}},"15":{"start":{"line":36,"column":4},"end":{"line":36,"column":27}},"16":{"start":{"line":39,"column":23},"end":{"line":49,"column":3}},"17":{"start":{"line":40,"column":19},"end":{"line":40,"column":44}},"18":{"start":{"line":41,"column":4},"end":{"line":48,"column":17}},"19":{"start":{"line":43,"column":31},"end":{"line":45,"column":17}},"20":{"start":{"line":46,"column":8},"end":{"line":46,"column":53}},"21":{"start":{"line":51,"column":2},"end":{"line":51,"column":32}}},"fnMap":{"0":{"name":"(anonymous_0)","decl":{"start":{"line":3,"column":16},"end":{"line":3,"column":17}},"loc":{"start":{"line":3,"column":26},"end":{"line":52,"column":1}},"line":3},"1":{"name":"(anonymous_1)","decl":{"start":{"line":4,"column":17},"end":{"line":4,"column":18}},"loc":{"start":{"line":4,"column":39},"end":{"line":37,"column":3}},"line":4},"2":{"name":"(anonymous_2)","decl":{"start":{"line":8,"column":32},"end":{"line":8,"column":33}},"loc":{"start":{"line":8,"column":42},"end":{"line":34,"column":5}},"line":8},"3":{"name":"(anonymous_3)","decl":{"start":{"line":9,"column":23},"end":{"line":9,"column":24}},"loc":{"start":{"line":9,"column":40},"end":{"line":15,"column":7}},"line":9},"4":{"name":"(anonymous_4)","decl":{"start":{"line":39,"column":23},"end":{"line":39,"column":24}},"loc":{"start":{"line":39,"column":39},"end":{"line":49,"column":3}},"line":39},"5":{"name":"(anonymous_5)","decl":{"start":{"line":42,"column":11},"end":{"line":42,"column":12}},"loc":{"start":{"line":42,"column":29},"end":{"line":47,"column":7}},"line":42}},"branchMap":{"0":{"loc":{"start":{"line":4,"column":25},"end":{"line":4,"column":34}},"type":"default-arg","locations":[{"start":{"line":4,"column":33},"end":{"line":4,"column":34}}],"line":4},"1":{"loc":{"start":{"line":10,"column":31},"end":{"line":12,"column":17}},"type":"cond-expr","locations":[{"start":{"line":11,"column":12},"end":{"line":11,"column":71}},{"start":{"line":12,"column":12},"end":{"line":12,"column":17}}],"line":10},"2":{"loc":{"start":{"line":10,"column":31},"end":{"line":10,"column":69}},"type":"binary-expr","locations":[{"start":{"line":10,"column":31},"end":{"line":10,"column":48}},{"start":{"line":10,"column":52},"end":{"line":10,"column":69}}],"line":10},"3":{"loc":{"start":{"line":17,"column":6},"end":{"line":33,"column":7}},"type":"switch","locations":[{"start":{"line":18,"column":8},"end":{"line":19,"column":42}},{"start":{"line":20,"column":8},"end":{"line":21,"column":42}},{"start":{"line":22,"column":8},"end":{"line":26,"column":11}},{"start":{"line":27,"column":8},"end":{"line":28,"column":109}},{"start":{"line":29,"column":8},"end":{"line":30,"column":42}},{"start":{"line":31,"column":8},"end":{"line":32,"column":19}}],"line":17},"4":{"loc":{"start":{"line":43,"column":31},"end":{"line":45,"column":17}},"type":"cond-expr","locations":[{"start":{"line":44,"column":12},"end":{"line":44,"column":64}},{"start":{"line":45,"column":12},"end":{"line":45,"column":17}}],"line":43},"5":{"loc":{"start":{"line":43,"column":31},"end":{"line":43,"column":69}},"type":"binary-expr","locations":[{"start":{"line":43,"column":31},"end":{"line":43,"column":48}},{"start":{"line":43,"column":52},"end":{"line":43,"column":69}}],"line":43}},"s":{"0":1,"1":8,"2":24,"3":24,"4":24,"5":92,"6":96,"7":96,"8":92,"9":24,"10":16,"11":20,"12":16,"13":16,"14":0,"15":24,"16":8,"17":28,"18":28,"19":36,"20":36,"21":8},"f":{"0":8,"1":24,"2":92,"3":96,"4":28,"5":36},"b":{"0":[8],"1":[16,80],"2":[96,16],"3":[24,16,20,16,16,0],"4":[12,24],"5":[36,12]},"inputSourceMap":null,"_coverageSchema":"1a1c01bbd47fc00a2c39e90264f33305004495a9","hash":"460948f04e0e48b88cc0434c4e503913461f4b9b"}
}
