{"/mnt/d/hexletWin-git/frontend-project-46/gendiff.js": {"path":"/mnt/d/hexletWin-git/frontend-project-46/gendiff.js","statementMap":{"0":{"start":{"line":8,"column":18},"end":{"line":28,"column":1}},"1":{"start":{"line":9,"column":15},"end":{"line":9,"column":72}},"2":{"start":{"line":11,"column":20},"end":{"line":25,"column":4}},"3":{"start":{"line":12,"column":19},"end":{"line":12,"column":29}},"4":{"start":{"line":13,"column":19},"end":{"line":13,"column":29}},"5":{"start":{"line":15,"column":4},"end":{"line":17,"column":5}},"6":{"start":{"line":16,"column":6},"end":{"line":16,"column":36}},"7":{"start":{"line":18,"column":4},"end":{"line":20,"column":5}},"8":{"start":{"line":19,"column":6},"end":{"line":19,"column":36}},"9":{"start":{"line":21,"column":4},"end":{"line":23,"column":5}},"10":{"start":{"line":22,"column":6},"end":{"line":22,"column":63}},"11":{"start":{"line":24,"column":4},"end":{"line":24,"column":34}},"12":{"start":{"line":27,"column":2},"end":{"line":27,"column":47}},"13":{"start":{"line":31,"column":16},"end":{"line":35,"column":1}},"14":{"start":{"line":32,"column":16},"end":{"line":32,"column":42}},"15":{"start":{"line":33,"column":16},"end":{"line":33,"column":42}},"16":{"start":{"line":34,"column":2},"end":{"line":34,"column":32}},"17":{"start":{"line":38,"column":21},"end":{"line":38,"column":68}},"18":{"start":{"line":40,"column":0},"end":{"line":55,"column":1}},"19":{"start":{"line":41,"column":18},"end":{"line":41,"column":31}},"20":{"start":{"line":43,"column":2},"end":{"line":52,"column":6}},"21":{"start":{"line":50,"column":21},"end":{"line":50,"column":50}},"22":{"start":{"line":51,"column":6},"end":{"line":51,"column":25}},"23":{"start":{"line":54,"column":2},"end":{"line":54,"column":17}}},"fnMap":{"0":{"name":"(anonymous_0)","decl":{"start":{"line":8,"column":18},"end":{"line":8,"column":19}},"loc":{"start":{"line":8,"column":36},"end":{"line":28,"column":1}},"line":8},"1":{"name":"(anonymous_1)","decl":{"start":{"line":11,"column":29},"end":{"line":11,"column":30}},"loc":{"start":{"line":11,"column":38},"end":{"line":25,"column":3}},"line":11},"2":{"name":"(anonymous_2)","decl":{"start":{"line":31,"column":16},"end":{"line":31,"column":17}},"loc":{"start":{"line":31,"column":42},"end":{"line":35,"column":1}},"line":31},"3":{"name":"(anonymous_3)","decl":{"start":{"line":49,"column":12},"end":{"line":49,"column":13}},"loc":{"start":{"line":49,"column":38},"end":{"line":52,"column":5}},"line":49}},"branchMap":{"0":{"loc":{"start":{"line":15,"column":4},"end":{"line":17,"column":5}},"type":"if","locations":[{"start":{"line":15,"column":4},"end":{"line":17,"column":5}},{"start":{},"end":{}}],"line":15},"1":{"loc":{"start":{"line":18,"column":4},"end":{"line":20,"column":5}},"type":"if","locations":[{"start":{"line":18,"column":4},"end":{"line":20,"column":5}},{"start":{},"end":{}}],"line":18},"2":{"loc":{"start":{"line":21,"column":4},"end":{"line":23,"column":5}},"type":"if","locations":[{"start":{"line":21,"column":4},"end":{"line":23,"column":5}},{"start":{},"end":{}}],"line":21},"3":{"loc":{"start":{"line":40,"column":0},"end":{"line":55,"column":1}},"type":"if","locations":[{"start":{"line":40,"column":0},"end":{"line":55,"column":1}},{"start":{},"end":{}}],"line":40}},"s":{"0":1,"1":4,"2":4,"3":20,"4":20,"5":20,"6":8,"7":12,"8":4,"9":8,"10":4,"11":4,"12":4,"13":1,"14":4,"15":4,"16":4,"17":1,"18":1,"19":0,"20":0,"21":0,"22":0,"23":0},"f":{"0":4,"1":20,"2":4,"3":0},"b":{"0":[8,12],"1":[4,8],"2":[4,4],"3":[0,1]},"inputSourceMap":null,"_coverageSchema":"1a1c01bbd47fc00a2c39e90264f33305004495a9","hash":"fd1bd2a8a68aa2108b1568a2f1229018013d6840"}
,"/mnt/d/hexletWin-git/frontend-project-46/src/parsers.js": {"path":"/mnt/d/hexletWin-git/frontend-project-46/src/parsers.js","statementMap":{"0":{"start":{"line":5,"column":24},"end":{"line":5,"column":75}},"1":{"start":{"line":5,"column":38},"end":{"line":5,"column":75}},"2":{"start":{"line":7,"column":17},"end":{"line":10,"column":1}},"3":{"start":{"line":8,"column":23},"end":{"line":8,"column":48}},"4":{"start":{"line":9,"column":2},"end":{"line":9,"column":48}},"5":{"start":{"line":13,"column":18},"end":{"line":13,"column":44}},"6":{"start":{"line":13,"column":28},"end":{"line":13,"column":44}},"7":{"start":{"line":15,"column":18},"end":{"line":15,"column":43}},"8":{"start":{"line":15,"column":28},"end":{"line":15,"column":43}},"9":{"start":{"line":17,"column":18},"end":{"line":30,"column":1}},"10":{"start":{"line":18,"column":18},"end":{"line":22,"column":3}},"11":{"start":{"line":24,"column":17},"end":{"line":24,"column":32}},"12":{"start":{"line":25,"column":2},"end":{"line":27,"column":3}},"13":{"start":{"line":26,"column":4},"end":{"line":26,"column":53}},"14":{"start":{"line":29,"column":2},"end":{"line":29,"column":22}},"15":{"start":{"line":32,"column":18},"end":{"line":35,"column":1}},"16":{"start":{"line":33,"column":14},"end":{"line":33,"column":45}},"17":{"start":{"line":34,"column":2},"end":{"line":34,"column":38}},"18":{"start":{"line":37,"column":24},"end":{"line":41,"column":1}},"19":{"start":{"line":38,"column":15},"end":{"line":38,"column":33}},"20":{"start":{"line":39,"column":17},"end":{"line":39,"column":36}},"21":{"start":{"line":40,"column":2},"end":{"line":40,"column":33}}},"fnMap":{"0":{"name":"(anonymous_0)","decl":{"start":{"line":5,"column":24},"end":{"line":5,"column":25}},"loc":{"start":{"line":5,"column":38},"end":{"line":5,"column":75}},"line":5},"1":{"name":"(anonymous_1)","decl":{"start":{"line":7,"column":17},"end":{"line":7,"column":18}},"loc":{"start":{"line":7,"column":31},"end":{"line":10,"column":1}},"line":7},"2":{"name":"(anonymous_2)","decl":{"start":{"line":13,"column":18},"end":{"line":13,"column":19}},"loc":{"start":{"line":13,"column":28},"end":{"line":13,"column":44}},"line":13},"3":{"name":"(anonymous_3)","decl":{"start":{"line":15,"column":18},"end":{"line":15,"column":19}},"loc":{"start":{"line":15,"column":28},"end":{"line":15,"column":43}},"line":15},"4":{"name":"(anonymous_4)","decl":{"start":{"line":17,"column":18},"end":{"line":17,"column":19}},"loc":{"start":{"line":17,"column":36},"end":{"line":30,"column":1}},"line":17},"5":{"name":"(anonymous_5)","decl":{"start":{"line":32,"column":18},"end":{"line":32,"column":19}},"loc":{"start":{"line":32,"column":32},"end":{"line":35,"column":1}},"line":32},"6":{"name":"(anonymous_6)","decl":{"start":{"line":37,"column":24},"end":{"line":37,"column":25}},"loc":{"start":{"line":37,"column":38},"end":{"line":41,"column":1}},"line":37}},"branchMap":{"0":{"loc":{"start":{"line":25,"column":2},"end":{"line":27,"column":3}},"type":"if","locations":[{"start":{"line":25,"column":2},"end":{"line":27,"column":3}},{"start":{},"end":{}}],"line":25},"1":{"loc":{"start":{"line":34,"column":9},"end":{"line":34,"column":37}},"type":"cond-expr","locations":[{"start":{"line":34,"column":26},"end":{"line":34,"column":31}},{"start":{"line":34,"column":34},"end":{"line":34,"column":37}}],"line":34}},"s":{"0":1,"1":8,"2":1,"3":8,"4":8,"5":1,"6":4,"7":1,"8":4,"9":1,"10":8,"11":8,"12":8,"13":0,"14":8,"15":1,"16":8,"17":8,"18":1,"19":8,"20":8,"21":8},"f":{"0":8,"1":8,"2":4,"3":4,"4":8,"5":8,"6":8},"b":{"0":[0,8],"1":[0,8]},"inputSourceMap":null,"_coverageSchema":"1a1c01bbd47fc00a2c39e90264f33305004495a9","hash":"98321a8504a842d58f5aaf190022f2bf7a945480"}
}
