TN:
SF:gendiff.js
FN:9,(anonymous_0)
FN:17,(anonymous_1)
FN:27,(anonymous_2)
FNF:3
FNH:1
FNDA:17,(anonymous_0)
FNDA:0,(anonymous_1)
FNDA:0,(anonymous_2)
DA:9,1
DA:10,17
DA:11,17
DA:12,17
DA:13,17
DA:17,1
DA:18,0
DA:20,0
DA:28,0
DA:29,0
DA:32,0
DA:33,0
DA:37,1
DA:38,0
LF:14
LH:7
BRDA:9,0,0,8
BRDA:37,1,0,0
BRDA:37,1,1,1
BRF:3
BRH:2
end_of_record
TN:
SF:src/diffBuilder.js
FN:3,(anonymous_0)
FN:6,(anonymous_1)
FNF:2
FNH:2
FNDA:57,(anonymous_0)
FNDA:215,(anonymous_1)
DA:3,1
DA:4,57
DA:6,57
DA:7,215
DA:8,215
DA:10,215
DA:11,34
DA:14,181
DA:15,57
DA:18,124
DA:19,40
DA:26,84
DA:27,47
DA:35,37
LF:14
LH:14
BRDA:10,0,0,34
BRDA:10,0,1,181
BRDA:14,1,0,57
BRDA:14,1,1,124
BRDA:18,2,0,40
BRDA:18,2,1,84
BRDA:18,3,0,124
BRDA:18,3,1,50
BRDA:26,4,0,47
BRDA:26,4,1,37
BRF:10
BRH:10
end_of_record
TN:
SF:src/parsers.js
FN:5,(anonymous_0)
FN:7,(anonymous_1)
FN:12,(anonymous_2)
FN:14,(anonymous_3)
FN:16,(anonymous_4)
FN:31,(anonymous_5)
FN:36,(anonymous_6)
FNF:7
FNH:7
FNDA:34,(anonymous_0)
FNDA:34,(anonymous_1)
FNDA:20,(anonymous_2)
FNDA:14,(anonymous_3)
FNDA:34,(anonymous_4)
FNDA:34,(anonymous_5)
FNDA:34,(anonymous_6)
DA:5,34
DA:7,1
DA:8,34
DA:9,34
DA:12,20
DA:14,14
DA:16,1
DA:17,34
DA:23,34
DA:24,34
DA:25,0
DA:28,34
DA:31,1
DA:32,34
DA:33,34
DA:36,1
DA:37,34
DA:38,34
DA:39,34
LF:19
LH:18
BRDA:24,0,0,0
BRDA:24,0,1,34
BRDA:33,1,0,0
BRDA:33,1,1,34
BRF:4
BRH:2
end_of_record
TN:
SF:src/formatters/index.js
FN:11,(anonymous_0)
FNF:1
FNH:1
FNDA:17,(anonymous_0)
DA:5,1
DA:12,17
DA:13,17
DA:14,0
DA:16,17
LF:5
LH:4
BRDA:11,0,0,0
BRDA:13,1,0,0
BRDA:13,1,1,17
BRF:3
BRH:1
end_of_record
TN:
SF:src/formatters/json.js
FN:1,(anonymous_0)
FNF:1
FNH:1
FNDA:6,(anonymous_0)
DA:1,1
DA:2,6
LF:2
LH:2
BRF:0
BRH:0
end_of_record
TN:
SF:src/formatters/plain.js
FN:3,(anonymous_0)
FN:13,(anonymous_1)
FN:17,(anonymous_2)
FN:18,(anonymous_3)
FN:42,(anonymous_4)
FNF:5
FNH:5
FNDA:29,(anonymous_0)
FNDA:41,(anonymous_1)
FNDA:11,(anonymous_2)
FNDA:41,(anonymous_3)
FNDA:34,(anonymous_4)
DA:3,1
DA:4,29
DA:5,6
DA:7,23
DA:8,14
DA:10,9
DA:13,1
DA:14,41
DA:17,1
DA:18,11
DA:19,41
DA:21,41
DA:23,11
DA:26,6
DA:29,9
DA:32,8
DA:35,7
DA:38,0
DA:42,34
LF:19
LH:18
BRDA:4,0,0,6
BRDA:4,0,1,23
BRDA:7,1,0,14
BRDA:7,1,1,9
BRDA:14,2,0,28
BRDA:14,2,1,13
BRDA:17,3,0,3
BRDA:21,4,0,11
BRDA:21,4,1,6
BRDA:21,4,2,9
BRDA:21,4,3,8
BRDA:21,4,4,7
BRDA:21,4,5,0
BRF:13
BRH:12
end_of_record
TN:
SF:src/formatters/stylish.js
FN:3,(anonymous_0)
FN:4,(anonymous_1)
FN:8,(anonymous_2)
FN:9,(anonymous_3)
FN:39,(anonymous_4)
FN:42,(anonymous_5)
FNF:6
FNH:6
FNDA:8,(anonymous_0)
FNDA:24,(anonymous_1)
FNDA:92,(anonymous_2)
FNDA:96,(anonymous_3)
FNDA:28,(anonymous_4)
FNDA:36,(anonymous_5)
DA:3,1
DA:4,8
DA:5,24
DA:6,24
DA:8,24
DA:9,92
DA:10,96
DA:14,96
DA:17,92
DA:19,24
DA:21,16
DA:23,20
DA:28,16
DA:30,16
DA:32,0
DA:36,24
DA:39,8
DA:40,28
DA:41,28
DA:43,36
DA:46,36
DA:51,8
LF:22
LH:21
BRDA:4,0,0,8
BRDA:10,1,0,16
BRDA:10,1,1,80
BRDA:10,2,0,96
BRDA:10,2,1,16
BRDA:17,3,0,24
BRDA:17,3,1,16
BRDA:17,3,2,20
BRDA:17,3,3,16
BRDA:17,3,4,16
BRDA:17,3,5,0
BRDA:43,4,0,12
BRDA:43,4,1,24
BRDA:43,5,0,36
BRDA:43,5,1,12
BRF:15
BRH:14
end_of_record
